console.error: 
  Corrupt session file (invalid JSON found) 
  Message: SyntaxError: JSON.parse: unexpected end of data at line 1 column 1 of the JSON data
  Stack:
    SessionFileInternal.read<@resource://app/modules/sessionstore/SessionFile.jsm:227:22
TaskImpl_run@resource://gre/modules/Task.jsm:319:42
Handler.prototype.process@resource://gre/modules/Promise.jsm -> resource://gre/modules/Promise-backend.js:932:23
this.PromiseWalker.walkerLoop@resource://gre/modules/Promise.jsm -> resource://gre/modules/Promise-backend.js:813:7
this.PromiseWalker.scheduleWalkerLoop/<@resource://gre/modules/Promise.jsm -> resource://gre/modules/Promise-backend.js:747:11

  SessionFileInternal.read<@resource://app/modules/sessionstore/SessionFile.jsm:227:22
TaskImpl_run@resource://gre/modules/Task.jsm:319:42
Handler.prototype.process@resource://gre/modules/Promise.jsm -> resource://gre/modules/Promise-backend.js:932:23
this.PromiseWalker.walkerLoop@resource://gre/modules/Promise.jsm -> resource://gre/modules/Promise-backend.js:813:7
this.PromiseWalker.scheduleWalkerLoop/<@resource://gre/modules/Promise.jsm -> resource://gre/modules/Promise-backend.js:747:11

WARN  2017-03-19 11:46:25 unity.shell.compiz unityshell.cpp:3241 Animation plugin not found. Can't set minimize speed.
WARN  2017-03-19 11:49:30 unity.shell.compiz unityshell.cpp:3241 Animation plugin not found. Can't set minimize speed.
1489920724821	addons.update-checker	WARN	Update manifest for aushelper@mozilla.org did not contain an updates property
1489920724827	addons.update-checker	WARN	Update manifest for e10srollout@mozilla.org did not contain an updates property
1489920724832	addons.update-checker	WARN	Update manifest for {972ce4c6-7e08-4474-a285-3208198ce6fd} did not contain an updates property
1489920724838	addons.update-checker	WARN	Update manifest for firefox@getpocket.com did not contain an updates property
1489920724851	addons.update-checker	WARN	Update manifest for webcompat@mozilla.org did not contain an updates property
WARN  2017-03-19 11:53:44 unity.shell.compiz unityshell.cpp:3241 Animation plugin not found. Can't set minimize speed.
WARN  2017-03-19 11:54:47 unity.shell.compiz unityshell.cpp:3241 Animation plugin not found. Can't set minimize speed.
WARN  2017-03-19 11:54:59 unity.shell.compiz unityshell.cpp:3241 Animation plugin not found. Can't set minimize speed.
WARN  2017-03-19 12:02:11 unity.shell.compiz unityshell.cpp:3241 Animation plugin not found. Can't set minimize speed.
WARN  2017-03-19 12:02:12 unity.shell.compiz unityshell.cpp:3241 Animation plugin not found. Can't set minimize speed.
WARN  2017-03-19 12:02:58 unity.shell.compiz unityshell.cpp:3241 Animation plugin not found. Can't set minimize speed.
